<?xml version="1.0" encoding="UTF-8"?>
<!-- Generated by org.testng.reporters.JUnitXMLReporter -->
<testsuite ignored="4" hostname="DESKTOP-N62URNS" failures="0" tests="3" name="Test" time="32.164" errors="0" timestamp="2025-09-18T23:27:16 IST">
  <testcase classname="com.ninza.crm.campaignstest.CreateCamapignTest" name="createCamapignWithMandataoryFieldsTest" time="3.432"/>
  <testcase classname="com.ninza.crm.campaignstest.CreateCamapignTest" name="createCampaignWithExpectedCloseDateTest" time="2.123"/>
  <testcase classname="com.ninza.crm.producttest.CreateProductTest" name="createProductWithMendatoryFieldTest" time="8.025"/>
  <testcase classname="com.ninzacrmbaseclass.BaseClass" name="@AfterSuite afterSuite" time="0.0">
    <ignored/>
  </testcase> <!-- @AfterSuite afterSuite -->
  <testcase classname="com.ninzacrmbaseclass.BaseClass" name="@BeforeSuite beforeSuite" time="0.0">
    <ignored/>
  </testcase> <!-- @BeforeSuite beforeSuite -->
  <testcase classname="com.ninzacrmbaseclass.BaseClass" name="@BeforeTest beforeTest" time="0.0">
    <ignored/>
  </testcase> <!-- @BeforeTest beforeTest -->
  <testcase classname="com.ninzacrmbaseclass.BaseClass" name="@AfterTest afterTest" time="0.0">
    <ignored/>
  </testcase> <!-- @AfterTest afterTest -->
</testsuite> <!-- Test -->
