<?xml version="1.0" encoding="UTF-8"?>
<testng-results ignored="0" total="6" passed="6" failed="0" skipped="0">
  <reporter-output>
  </reporter-output>
  <suite started-at="2025-09-18T23:27:39 IST" name="Suite" finished-at="2025-09-18T23:28:18 IST" duration-ms="39061">
    <groups>
      <group name="Regression">
        <method signature="CreateCamapignTest.createCampaignWithExpectedCloseDateTest()[pri:0, instance:com.ninza.crm.campaignstest.CreateCamapignTest@6ff29830]" name="createCampaignWithExpectedCloseDateTest" class="com.ninza.crm.campaignstest.CreateCamapignTest"/>
        <method signature="CreateProductTest.createProductWithMendatoryFieldTest()[pri:0, instance:com.ninza.crm.producttest.CreateProductTest@a1cdc6d]" name="createProductWithMendatoryFieldTest" class="com.ninza.crm.producttest.CreateProductTest"/>
        <method signature="CreateCamapignTest.createCampaignWithExpectedCloseDateTest()[pri:0, instance:com.ninza.crm.campaignstest.CreateCamapignTest@2e1d27ba]" name="createCampaignWithExpectedCloseDateTest" class="com.ninza.crm.campaignstest.CreateCamapignTest"/>
        <method signature="CreateProductTest.createProductWithMendatoryFieldTest()[pri:0, instance:com.ninza.crm.producttest.CreateProductTest@61d6015a]" name="createProductWithMendatoryFieldTest" class="com.ninza.crm.producttest.CreateProductTest"/>
      </group> <!-- Regression -->
      <group name="Smoke">
        <method signature="CreateCamapignTest.createCamapignWithMandataoryFieldsTest()[pri:0, instance:com.ninza.crm.campaignstest.CreateCamapignTest@6ff29830]" name="createCamapignWithMandataoryFieldsTest" class="com.ninza.crm.campaignstest.CreateCamapignTest"/>
        <method signature="CreateProductTest.createProductWithMendatoryFieldTest()[pri:0, instance:com.ninza.crm.producttest.CreateProductTest@a1cdc6d]" name="createProductWithMendatoryFieldTest" class="com.ninza.crm.producttest.CreateProductTest"/>
        <method signature="CreateCamapignTest.createCamapignWithMandataoryFieldsTest()[pri:0, instance:com.ninza.crm.campaignstest.CreateCamapignTest@2e1d27ba]" name="createCamapignWithMandataoryFieldsTest" class="com.ninza.crm.campaignstest.CreateCamapignTest"/>
        <method signature="CreateProductTest.createProductWithMendatoryFieldTest()[pri:0, instance:com.ninza.crm.producttest.CreateProductTest@61d6015a]" name="createProductWithMendatoryFieldTest" class="com.ninza.crm.producttest.CreateProductTest"/>
      </group> <!-- Smoke -->
    </groups>
    <test started-at="2025-09-18T23:27:39 IST" name="Test1" finished-at="2025-09-18T23:28:12 IST" duration-ms="33434">
      <class name="com.ninza.crm.producttest.CreateProductTest">
        <test-method is-config="true" signature="beforeClass()[pri:0, instance:com.ninza.crm.producttest.CreateProductTest@a1cdc6d]" started-at="2025-09-18T23:27:57 IST" name="beforeClass" finished-at="2025-09-18T23:27:58 IST" duration-ms="1233" status="PASS">
          <reporter-output>
          </reporter-output>
        </test-method> <!-- beforeClass -->
        <test-method is-config="true" signature="beforeMethod()[pri:0, instance:com.ninza.crm.producttest.CreateProductTest@a1cdc6d]" started-at="2025-09-18T23:27:58 IST" name="beforeMethod" finished-at="2025-09-18T23:28:00 IST" duration-ms="2432" status="PASS">
          <reporter-output>
          </reporter-output>
        </test-method> <!-- beforeMethod -->
        <test-method signature="createProductWithMendatoryFieldTest()[pri:0, instance:com.ninza.crm.producttest.CreateProductTest@a1cdc6d]" started-at="2025-09-18T23:28:00 IST" name="createProductWithMendatoryFieldTest" finished-at="2025-09-18T23:28:10 IST" duration-ms="9496" status="PASS">
          <reporter-output>
          </reporter-output>
        </test-method> <!-- createProductWithMendatoryFieldTest -->
        <test-method is-config="true" signature="afterMethod()[pri:0, instance:com.ninza.crm.producttest.CreateProductTest@a1cdc6d]" started-at="2025-09-18T23:28:10 IST" name="afterMethod" finished-at="2025-09-18T23:28:11 IST" duration-ms="1393" status="PASS">
          <reporter-output>
          </reporter-output>
        </test-method> <!-- afterMethod -->
        <test-method is-config="true" signature="afterClass()[pri:0, instance:com.ninza.crm.producttest.CreateProductTest@a1cdc6d]" started-at="2025-09-18T23:28:11 IST" name="afterClass" finished-at="2025-09-18T23:28:12 IST" duration-ms="604" status="PASS">
          <reporter-output>
          </reporter-output>
        </test-method> <!-- afterClass -->
      </class> <!-- com.ninza.crm.producttest.CreateProductTest -->
      <class name="com.ninza.crm.campaignstest.CreateCamapignTest">
        <test-method is-config="true" signature="beforeTest()[pri:0, instance:com.ninza.crm.campaignstest.CreateCamapignTest@6ff29830]" started-at="2025-09-18T23:27:39 IST" name="beforeTest" finished-at="2025-09-18T23:27:39 IST" duration-ms="0" status="PASS">
          <reporter-output>
          </reporter-output>
        </test-method> <!-- beforeTest -->
        <test-method is-config="true" signature="beforeClass()[pri:0, instance:com.ninza.crm.campaignstest.CreateCamapignTest@6ff29830]" started-at="2025-09-18T23:27:39 IST" name="beforeClass" finished-at="2025-09-18T23:27:41 IST" duration-ms="2629" status="PASS">
          <reporter-output>
          </reporter-output>
        </test-method> <!-- beforeClass -->
        <test-method is-config="true" signature="beforeMethod()[pri:0, instance:com.ninza.crm.campaignstest.CreateCamapignTest@6ff29830]" started-at="2025-09-18T23:27:41 IST" name="beforeMethod" finished-at="2025-09-18T23:27:44 IST" duration-ms="2862" status="PASS">
          <reporter-output>
          </reporter-output>
        </test-method> <!-- beforeMethod -->
        <test-method signature="createCamapignWithMandataoryFieldsTest()[pri:0, instance:com.ninza.crm.campaignstest.CreateCamapignTest@6ff29830]" started-at="2025-09-18T23:27:44 IST" name="createCamapignWithMandataoryFieldsTest" finished-at="2025-09-18T23:27:49 IST" duration-ms="4483" status="PASS">
          <reporter-output>
          </reporter-output>
        </test-method> <!-- createCamapignWithMandataoryFieldsTest -->
        <test-method is-config="true" signature="afterMethod()[pri:0, instance:com.ninza.crm.campaignstest.CreateCamapignTest@6ff29830]" started-at="2025-09-18T23:27:49 IST" name="afterMethod" finished-at="2025-09-18T23:27:50 IST" duration-ms="1477" status="PASS">
          <reporter-output>
          </reporter-output>
        </test-method> <!-- afterMethod -->
        <test-method is-config="true" signature="beforeMethod()[pri:0, instance:com.ninza.crm.campaignstest.CreateCamapignTest@6ff29830]" started-at="2025-09-18T23:27:50 IST" name="beforeMethod" finished-at="2025-09-18T23:27:52 IST" duration-ms="2031" status="PASS">
          <reporter-output>
          </reporter-output>
        </test-method> <!-- beforeMethod -->
        <test-method signature="createCampaignWithExpectedCloseDateTest()[pri:0, instance:com.ninza.crm.campaignstest.CreateCamapignTest@6ff29830]" started-at="2025-09-18T23:27:52 IST" name="createCampaignWithExpectedCloseDateTest" finished-at="2025-09-18T23:27:55 IST" duration-ms="2574" status="PASS">
          <reporter-output>
          </reporter-output>
        </test-method> <!-- createCampaignWithExpectedCloseDateTest -->
        <test-method is-config="true" signature="afterMethod()[pri:0, instance:com.ninza.crm.campaignstest.CreateCamapignTest@6ff29830]" started-at="2025-09-18T23:27:55 IST" name="afterMethod" finished-at="2025-09-18T23:27:56 IST" duration-ms="1250" status="PASS">
          <reporter-output>
          </reporter-output>
        </test-method> <!-- afterMethod -->
        <test-method is-config="true" signature="afterClass()[pri:0, instance:com.ninza.crm.campaignstest.CreateCamapignTest@6ff29830]" started-at="2025-09-18T23:27:56 IST" name="afterClass" finished-at="2025-09-18T23:27:57 IST" duration-ms="852" status="PASS">
          <reporter-output>
          </reporter-output>
        </test-method> <!-- afterClass -->
        <test-method is-config="true" signature="afterTest()[pri:0, instance:com.ninza.crm.campaignstest.CreateCamapignTest@6ff29830]" started-at="2025-09-18T23:28:12 IST" name="afterTest" finished-at="2025-09-18T23:28:12 IST" duration-ms="0" status="PASS">
          <reporter-output>
          </reporter-output>
        </test-method> <!-- afterTest -->
      </class> <!-- com.ninza.crm.campaignstest.CreateCamapignTest -->
    </test> <!-- Test1 -->
    <test started-at="2025-09-18T23:27:39 IST" name="Test2" finished-at="2025-09-18T23:28:18 IST" duration-ms="39060">
      <class name="com.ninza.crm.producttest.CreateProductTest">
        <test-method is-config="true" signature="beforeClass()[pri:0, instance:com.ninza.crm.producttest.CreateProductTest@61d6015a]" started-at="2025-09-18T23:28:00 IST" name="beforeClass" finished-at="2025-09-18T23:28:02 IST" duration-ms="2017" status="PASS">
          <reporter-output>
          </reporter-output>
        </test-method> <!-- beforeClass -->
        <test-method is-config="true" signature="beforeMethod()[pri:0, instance:com.ninza.crm.producttest.CreateProductTest@61d6015a]" started-at="2025-09-18T23:28:02 IST" name="beforeMethod" finished-at="2025-09-18T23:28:05 IST" duration-ms="2500" status="PASS">
          <reporter-output>
          </reporter-output>
        </test-method> <!-- beforeMethod -->
        <test-method signature="createProductWithMendatoryFieldTest()[pri:0, instance:com.ninza.crm.producttest.CreateProductTest@61d6015a]" started-at="2025-09-18T23:28:05 IST" name="createProductWithMendatoryFieldTest" finished-at="2025-09-18T23:28:13 IST" duration-ms="8697" status="PASS">
          <reporter-output>
          </reporter-output>
        </test-method> <!-- createProductWithMendatoryFieldTest -->
        <test-method is-config="true" signature="afterMethod()[pri:0, instance:com.ninza.crm.producttest.CreateProductTest@61d6015a]" started-at="2025-09-18T23:28:13 IST" name="afterMethod" finished-at="2025-09-18T23:28:16 IST" duration-ms="2130" status="PASS">
          <reporter-output>
          </reporter-output>
        </test-method> <!-- afterMethod -->
        <test-method is-config="true" signature="afterClass()[pri:0, instance:com.ninza.crm.producttest.CreateProductTest@61d6015a]" started-at="2025-09-18T23:28:16 IST" name="afterClass" finished-at="2025-09-18T23:28:18 IST" duration-ms="1994" status="PASS">
          <reporter-output>
          </reporter-output>
        </test-method> <!-- afterClass -->
      </class> <!-- com.ninza.crm.producttest.CreateProductTest -->
      <class name="com.ninza.crm.campaignstest.CreateCamapignTest">
        <test-method is-config="true" signature="beforeSuite()[pri:0, instance:com.ninza.crm.campaignstest.CreateCamapignTest@2e1d27ba]" started-at="2025-09-18T23:27:39 IST" name="beforeSuite" finished-at="2025-09-18T23:27:39 IST" duration-ms="17" status="PASS">
          <reporter-output>
          </reporter-output>
        </test-method> <!-- beforeSuite -->
        <test-method is-config="true" signature="beforeTest()[pri:0, instance:com.ninza.crm.campaignstest.CreateCamapignTest@2e1d27ba]" started-at="2025-09-18T23:27:39 IST" name="beforeTest" finished-at="2025-09-18T23:27:39 IST" duration-ms="2" status="PASS">
          <reporter-output>
          </reporter-output>
        </test-method> <!-- beforeTest -->
        <test-method is-config="true" signature="beforeClass()[pri:0, instance:com.ninza.crm.campaignstest.CreateCamapignTest@2e1d27ba]" started-at="2025-09-18T23:27:39 IST" name="beforeClass" finished-at="2025-09-18T23:27:41 IST" duration-ms="2629" status="PASS">
          <reporter-output>
          </reporter-output>
        </test-method> <!-- beforeClass -->
        <test-method is-config="true" signature="beforeMethod()[pri:0, instance:com.ninza.crm.campaignstest.CreateCamapignTest@2e1d27ba]" started-at="2025-09-18T23:27:41 IST" name="beforeMethod" finished-at="2025-09-18T23:27:45 IST" duration-ms="3455" status="PASS">
          <reporter-output>
          </reporter-output>
        </test-method> <!-- beforeMethod -->
        <test-method signature="createCamapignWithMandataoryFieldsTest()[pri:0, instance:com.ninza.crm.campaignstest.CreateCamapignTest@2e1d27ba]" started-at="2025-09-18T23:27:45 IST" name="createCamapignWithMandataoryFieldsTest" finished-at="2025-09-18T23:27:49 IST" duration-ms="4185" status="PASS">
          <reporter-output>
          </reporter-output>
        </test-method> <!-- createCamapignWithMandataoryFieldsTest -->
        <test-method is-config="true" signature="afterMethod()[pri:0, instance:com.ninza.crm.campaignstest.CreateCamapignTest@2e1d27ba]" started-at="2025-09-18T23:27:49 IST" name="afterMethod" finished-at="2025-09-18T23:27:50 IST" duration-ms="1503" status="PASS">
          <reporter-output>
          </reporter-output>
        </test-method> <!-- afterMethod -->
        <test-method is-config="true" signature="beforeMethod()[pri:0, instance:com.ninza.crm.campaignstest.CreateCamapignTest@2e1d27ba]" started-at="2025-09-18T23:27:50 IST" name="beforeMethod" finished-at="2025-09-18T23:27:55 IST" duration-ms="4248" status="PASS">
          <reporter-output>
          </reporter-output>
        </test-method> <!-- beforeMethod -->
        <test-method signature="createCampaignWithExpectedCloseDateTest()[pri:0, instance:com.ninza.crm.campaignstest.CreateCamapignTest@2e1d27ba]" started-at="2025-09-18T23:27:55 IST" name="createCampaignWithExpectedCloseDateTest" finished-at="2025-09-18T23:27:58 IST" duration-ms="3329" status="PASS">
          <reporter-output>
          </reporter-output>
        </test-method> <!-- createCampaignWithExpectedCloseDateTest -->
        <test-method is-config="true" signature="afterMethod()[pri:0, instance:com.ninza.crm.campaignstest.CreateCamapignTest@2e1d27ba]" started-at="2025-09-18T23:27:58 IST" name="afterMethod" finished-at="2025-09-18T23:27:59 IST" duration-ms="1346" status="PASS">
          <reporter-output>
          </reporter-output>
        </test-method> <!-- afterMethod -->
        <test-method is-config="true" signature="afterClass()[pri:0, instance:com.ninza.crm.campaignstest.CreateCamapignTest@2e1d27ba]" started-at="2025-09-18T23:27:59 IST" name="afterClass" finished-at="2025-09-18T23:28:00 IST" duration-ms="937" status="PASS">
          <reporter-output>
          </reporter-output>
        </test-method> <!-- afterClass -->
        <test-method is-config="true" signature="afterTest()[pri:0, instance:com.ninza.crm.campaignstest.CreateCamapignTest@2e1d27ba]" started-at="2025-09-18T23:28:18 IST" name="afterTest" finished-at="2025-09-18T23:28:18 IST" duration-ms="0" status="PASS">
          <reporter-output>
          </reporter-output>
        </test-method> <!-- afterTest -->
        <test-method is-config="true" signature="afterSuite()[pri:0, instance:com.ninza.crm.campaignstest.CreateCamapignTest@2e1d27ba]" started-at="2025-09-18T23:28:18 IST" name="afterSuite" finished-at="2025-09-18T23:28:18 IST" duration-ms="0" status="PASS">
          <reporter-output>
          </reporter-output>
        </test-method> <!-- afterSuite -->
      </class> <!-- com.ninza.crm.campaignstest.CreateCamapignTest -->
    </test> <!-- Test2 -->
  </suite> <!-- Suite -->
</testng-results>
