<?xml version="1.0" encoding="UTF-8"?>
<testng-results ignored="0" total="2" passed="2" failed="0" skipped="0">
  <reporter-output>
  </reporter-output>
  <suite started-at="2025-09-12T16:38:06 IST" name="Suite" finished-at="2025-09-12T16:39:12 IST" duration-ms="66107">
    <groups>
      <group name="Regression">
        <method signature="CreateCamapignTest.createCampaignWithExpectedCloseDateTest()[pri:0, instance:com.ninza.crm.campaignstest.CreateCamapignTest@6e509ffa]" name="createCampaignWithExpectedCloseDateTest" class="com.ninza.crm.campaignstest.CreateCamapignTest"/>
      </group> <!-- Regression -->
      <group name="Smoke">
        <method signature="CreateCamapignTest.createCamapignWithMandataoryFieldsTest()[pri:0, instance:com.ninza.crm.campaignstest.CreateCamapignTest@6e509ffa]" name="createCamapignWithMandataoryFieldsTest" class="com.ninza.crm.campaignstest.CreateCamapignTest"/>
      </group> <!-- Smoke -->
    </groups>
    <test started-at="2025-09-12T16:38:06 IST" name="Test" finished-at="2025-09-12T16:39:12 IST" duration-ms="66107">
      <class name="com.ninza.crm.campaignstest.CreateCamapignTest">
        <test-method is-config="true" signature="beforeSuite()[pri:0, instance:com.ninza.crm.campaignstest.CreateCamapignTest@6e509ffa]" started-at="2025-09-12T16:38:06 IST" name="beforeSuite" finished-at="2025-09-12T16:38:06 IST" duration-ms="35" status="PASS">
          <reporter-output>
          </reporter-output>
        </test-method> <!-- beforeSuite -->
        <test-method is-config="true" signature="beforeTest()[pri:0, instance:com.ninza.crm.campaignstest.CreateCamapignTest@6e509ffa]" started-at="2025-09-12T16:38:06 IST" name="beforeTest" finished-at="2025-09-12T16:38:06 IST" duration-ms="1" status="PASS">
          <reporter-output>
          </reporter-output>
        </test-method> <!-- beforeTest -->
        <test-method is-config="true" signature="beforeClass()[pri:0, instance:com.ninza.crm.campaignstest.CreateCamapignTest@6e509ffa]" started-at="2025-09-12T16:38:06 IST" name="beforeClass" finished-at="2025-09-12T16:38:15 IST" duration-ms="9418" status="PASS">
          <reporter-output>
          </reporter-output>
        </test-method> <!-- beforeClass -->
        <test-method is-config="true" signature="beforeMethod()[pri:0, instance:com.ninza.crm.campaignstest.CreateCamapignTest@6e509ffa]" started-at="2025-09-12T16:38:15 IST" name="beforeMethod" finished-at="2025-09-12T16:38:20 IST" duration-ms="4910" status="PASS">
          <reporter-output>
          </reporter-output>
        </test-method> <!-- beforeMethod -->
        <test-method signature="createCamapignWithMandataoryFieldsTest()[pri:0, instance:com.ninza.crm.campaignstest.CreateCamapignTest@6e509ffa]" started-at="2025-09-12T16:38:20 IST" name="createCamapignWithMandataoryFieldsTest" finished-at="2025-09-12T16:38:26 IST" duration-ms="6198" status="PASS">
          <reporter-output>
          </reporter-output>
        </test-method> <!-- createCamapignWithMandataoryFieldsTest -->
        <test-method is-config="true" signature="afterMethod()[pri:0, instance:com.ninza.crm.campaignstest.CreateCamapignTest@6e509ffa]" started-at="2025-09-12T16:38:26 IST" name="afterMethod" finished-at="2025-09-12T16:38:28 IST" duration-ms="1674" status="PASS">
          <reporter-output>
          </reporter-output>
        </test-method> <!-- afterMethod -->
        <test-method is-config="true" signature="beforeMethod()[pri:0, instance:com.ninza.crm.campaignstest.CreateCamapignTest@6e509ffa]" started-at="2025-09-12T16:38:28 IST" name="beforeMethod" finished-at="2025-09-12T16:38:33 IST" duration-ms="4650" status="PASS">
          <reporter-output>
          </reporter-output>
        </test-method> <!-- beforeMethod -->
        <test-method signature="createCampaignWithExpectedCloseDateTest()[pri:0, instance:com.ninza.crm.campaignstest.CreateCamapignTest@6e509ffa]" started-at="2025-09-12T16:38:33 IST" name="createCampaignWithExpectedCloseDateTest" finished-at="2025-09-12T16:38:39 IST" duration-ms="5874" status="PASS">
          <reporter-output>
          </reporter-output>
        </test-method> <!-- createCampaignWithExpectedCloseDateTest -->
        <test-method is-config="true" signature="afterMethod()[pri:0, instance:com.ninza.crm.campaignstest.CreateCamapignTest@6e509ffa]" started-at="2025-09-12T16:38:39 IST" name="afterMethod" finished-at="2025-09-12T16:38:42 IST" duration-ms="3870" status="PASS">
          <reporter-output>
          </reporter-output>
        </test-method> <!-- afterMethod -->
        <test-method is-config="true" signature="afterClass()[pri:0, instance:com.ninza.crm.campaignstest.CreateCamapignTest@6e509ffa]" started-at="2025-09-12T16:38:42 IST" name="afterClass" finished-at="2025-09-12T16:39:12 IST" duration-ms="29342" status="PASS">
          <reporter-output>
          </reporter-output>
        </test-method> <!-- afterClass -->
        <test-method is-config="true" signature="afterTest()[pri:0, instance:com.ninza.crm.campaignstest.CreateCamapignTest@6e509ffa]" started-at="2025-09-12T16:39:12 IST" name="afterTest" finished-at="2025-09-12T16:39:12 IST" duration-ms="1" status="PASS">
          <reporter-output>
          </reporter-output>
        </test-method> <!-- afterTest -->
        <test-method is-config="true" signature="afterSuite()[pri:0, instance:com.ninza.crm.campaignstest.CreateCamapignTest@6e509ffa]" started-at="2025-09-12T16:39:12 IST" name="afterSuite" finished-at="2025-09-12T16:39:12 IST" duration-ms="4" status="PASS">
          <reporter-output>
          </reporter-output>
        </test-method> <!-- afterSuite -->
      </class> <!-- com.ninza.crm.campaignstest.CreateCamapignTest -->
    </test> <!-- Test -->
  </suite> <!-- Suite -->
</testng-results>
