<?xml version="1.0" encoding="UTF-8"?>
<!-- Generated by org.testng.reporters.JUnitXMLReporter -->
<testsuite ignored="0" hostname="DESKTOP-N62URNS" failures="0" tests="2" name="Test" time="13.891" errors="0" timestamp="2025-09-18T23:12:25 IST">
  <testcase classname="com.ninza.crm.campaignstest.CreateCamapignTest" name="createCamapignWithMandataoryFieldsTest" time="3.57"/>
  <testcase classname="com.ninza.crm.campaignstest.CreateCamapignTest" name="createCampaignWithExpectedCloseDateTest" time="2.229"/>
</testsuite> <!-- Test -->
