<?xml version="1.0" encoding="UTF-8"?>
<!-- Generated by org.testng.reporters.JUnitXMLReporter -->
<testsuite ignored="4" hostname="DESKTOP-N62URNS" failures="0" tests="3" name="Test2" time="39.06" errors="0" timestamp="2025-09-18T23:28:18 IST">
  <testcase classname="com.ninza.crm.campaignstest.CreateCamapignTest" name="createCamapignWithMandataoryFieldsTest" time="4.185"/>
  <testcase classname="com.ninza.crm.campaignstest.CreateCamapignTest" name="createCampaignWithExpectedCloseDateTest" time="3.329"/>
  <testcase classname="com.ninza.crm.producttest.CreateProductTest" name="createProductWithMendatoryFieldTest" time="8.697"/>
  <testcase classname="com.ninzacrmbaseclass.BaseClass" name="@BeforeSuite beforeSuite" time="0.0">
    <ignored/>
  </testcase> <!-- @BeforeSuite beforeSuite -->
  <testcase classname="com.ninzacrmbaseclass.BaseClass" name="@BeforeTest beforeTest" time="0.0">
    <ignored/>
  </testcase> <!-- @BeforeTest beforeTest -->
  <testcase classname="com.ninzacrmbaseclass.BaseClass" name="@AfterSuite afterSuite" time="0.0">
    <ignored/>
  </testcase> <!-- @AfterSuite afterSuite -->
  <testcase classname="com.ninzacrmbaseclass.BaseClass" name="@AfterTest afterTest" time="0.0">
    <ignored/>
  </testcase> <!-- @AfterTest afterTest -->
</testsuite> <!-- Test2 -->
