<?xml version="1.0" encoding="UTF-8"?>
<!-- Generated by org.testng.reporters.JUnitXMLReporter -->
<testsuite ignored="0" hostname="DESKTOP-N62URNS" failures="0" tests="2" name="Test" time="66.107" errors="0" timestamp="2025-09-12T16:39:12 IST">
  <testcase classname="com.ninza.crm.campaignstest.CreateCamapignTest" name="createCamapignWithMandataoryFieldsTest" time="6.198"/>
  <testcase classname="com.ninza.crm.campaignstest.CreateCamapignTest" name="createCampaignWithExpectedCloseDateTest" time="5.874"/>
</testsuite> <!-- Test -->
